Command line:
   datapath_tb_isim_beh.exe
     -simmode  gui
     -simrunnum  0
     -socket  59320

Fri Sep 13 18:02:11 2024


 Elaboration Time: 0.0625 sec

 Current Memory Usage: 5151.29 Meg

 Total Signals          : 35
 Total Nets             : 243
 Total Signal Drivers   : 13
 Total Blocks           : 6
 Total Primitive Blocks : 4
 Total Processes        : 19
 Total Traceable Variables  : 26
 Total Scalar Nets and Variables : 2505
Total Line Count : 76
Total Line Count : 76

 Total Simulation Time: 0.109375 sec

 Current Memory Usage: 4679.43 Meg

Fri Sep 13 18:04:32 2024

